<?xml version="1.0" encoding="UTF-8"?>
<!-- Generated by org.testng.reporters.JUnitXMLReporter -->
<testsuite hostname="MAVBCP27" ignored="0" name="Test" tests="2" failures="2" timestamp="09 Jun 2020 12:47:40 GMT" time="0.011" errors="0">
  <testcase name="sampleTest" time="0.002" classname="com.ether.testcases.TestCloudMobile">
    <failure type="java.lang.NullPointerException">
      <![CDATA[java.lang.NullPointerException
	at com.ether.testcases.TestCloudMobile.sampleTest(TestCloudMobile.java:66)
... Removed 26 stack frames]]>
    </failure>
  </testcase> <!-- sampleTest -->
  <testcase name="Scenario2" time="0.001" classname="com.ether.testcases.TestCloudMobile">
    <failure type="java.lang.NullPointerException">
      <![CDATA[java.lang.NullPointerException
	at com.ether.testcases.TestCloudMobile.Scenario2(TestCloudMobile.java:135)
... Removed 26 stack frames]]>
    </failure>
  </testcase> <!-- Scenario2 -->
</testsuite> <!-- Test -->
