<?xml version="1.0" encoding="UTF-8"?>
<!-- Generated by org.testng.reporters.JUnitXMLReporter -->
<testsuite hostname="MAVBCP27" ignored="0" name="Test" tests="4" failures="0" timestamp="09 Jun 2020 07:53:48 GMT" time="20.051" errors="0">
  <testcase name="homePage" time="14.309" classname="com.ether.testcases.GeneralStoreTest"/>
  <testcase name="productPriceTest" time="0.176" classname="com.ether.testcases.GeneralStoreTest"/>
  <testcase name="productPriceTest" time="0.175" classname="com.ether.testcases.GeneralStoreTest"/>
  <testcase name="addProductToCartTest" time="5.315" classname="com.ether.testcases.GeneralStoreTest"/>
</testsuite> <!-- Test -->
