<?xml version="1.0" encoding="UTF-8"?>
<!-- Generated by org.testng.reporters.JUnitXMLReporter -->
<testsuite hostname="MAVBCP27" ignored="0" name="Test" tests="2" failures="2" timestamp="09 Jun 2020 13:22:39 GMT" time="0.139" errors="0">
  <testcase name="sampleTest" time="0.02" classname="com.ether.testcases.Cloud">
    <failure type="java.lang.NullPointerException">
      <![CDATA[java.lang.NullPointerException
	at com.ether.testcases.Cloud.sampleTest(Cloud.java:62)
... Removed 25 stack frames]]>
    </failure>
  </testcase> <!-- sampleTest -->
  <testcase name="sampleTest1" time="0.005" classname="com.ether.testcases.Cloud">
    <failure type="java.lang.NullPointerException">
      <![CDATA[java.lang.NullPointerException
	at com.ether.testcases.Cloud.sampleTest1(Cloud.java:77)
... Removed 25 stack frames]]>
    </failure>
  </testcase> <!-- sampleTest1 -->
</testsuite> <!-- Test -->
