<?xml version="1.0" encoding="UTF-8"?>
<!-- Generated by org.testng.reporters.JUnitXMLReporter -->
<testsuite hostname="MAVBCP27" ignored="0" name="Test" tests="2" failures="2" timestamp="09 Jun 2020 12:46:27 GMT" time="0.014" errors="0">
  <testcase name="multiQuiz" time="0.003" classname="com.ether.testcases.IndividualSubjective_suganya">
    <failure type="java.lang.NullPointerException">
      <![CDATA[java.lang.NullPointerException
	at com.ether.testcases.IndividualSubjective_suganya.multiQuiz(IndividualSubjective_suganya.java:172)
... Removed 26 stack frames]]>
    </failure>
  </testcase> <!-- multiQuiz -->
  <testcase name="AddQuiz" time="0.001" classname="com.ether.testcases.IndividualSubjective_suganya">
    <failure type="java.lang.NullPointerException">
      <![CDATA[java.lang.NullPointerException
	at com.ether.testcases.IndividualSubjective_suganya.AddQuiz(IndividualSubjective_suganya.java:96)
... Removed 26 stack frames]]>
    </failure>
  </testcase> <!-- AddQuiz -->
</testsuite> <!-- Test -->
