<?xml version="1.0" encoding="UTF-8"?>
<testng-results skipped="0" failed="1" ignored="0" total="4" passed="3">
  <reporter-output>
  </reporter-output>
  <suite name="Suite" duration-ms="54551" started-at="2020-06-09T11:09:52Z" finished-at="2020-06-09T11:10:47Z">
    <groups>
    </groups>
    <test name="Test" duration-ms="54551" started-at="2020-06-09T11:09:52Z" finished-at="2020-06-09T11:10:47Z">
      <class name="com.ether.base.Base">
        <test-method status="PASS" signature="setUp(java.lang.String, java.lang.String, java.lang.String, java.lang.String, java.lang.String, java.lang.String, java.lang.String, java.lang.String)[pri:0, instance:com.ether.base.Base@68e5eea7]" name="setUp" is-config="true" duration-ms="66328" started-at="2020-06-09T16:38:46Z" finished-at="2020-06-09T16:39:52Z">
          <params>
            <param index="0">
              <value>
                <![CDATA[cloudDevice]]>
              </value>
            </param>
            <param index="1">
              <value>
                <![CDATA[General-Store.apk]]>
              </value>
            </param>
            <param index="2">
              <value>
                <![CDATA[R58M78H1SPP]]>
              </value>
            </param>
            <param index="3">
              <value>
                <![CDATA[emulator-5554]]>
              </value>
            </param>
            <param index="4">
              <value>
                <![CDATA[4b52573533563398]]>
              </value>
            </param>
            <param index="5">
              <value>
                <![CDATA[cloud:com.androidsample.generalstore/.SplashActivity]]>
              </value>
            </param>
            <param index="6">
              <value>
                <![CDATA[1]]>
              </value>
            </param>
            <param index="7">
              <value>
                <![CDATA[1.0]]>
              </value>
            </param>
          </params>
          <reporter-output>
          </reporter-output>
        </test-method> <!-- setUp -->
        <test-method status="PASS" signature="tearDown()[pri:0, instance:com.ether.base.Base@68e5eea7]" name="tearDown" is-config="true" duration-ms="16812" started-at="2020-06-09T16:40:47Z" finished-at="2020-06-09T16:41:04Z">
          <reporter-output>
          </reporter-output>
        </test-method> <!-- tearDown -->
      </class> <!-- com.ether.base.Base -->
      <class name="com.ether.testcases.GeneralStoreTest">
        <test-method status="PASS" signature="homePage()[pri:0, instance:com.ether.testcases.GeneralStoreTest@291b4bf5]" name="homePage" duration-ms="14791" started-at="2020-06-09T16:39:52Z" finished-at="2020-06-09T16:40:07Z">
          <reporter-output>
          </reporter-output>
        </test-method> <!-- homePage -->
        <test-method status="PASS" signature="productPriceTest(java.lang.String, java.lang.String)[pri:0, instance:com.ether.testcases.GeneralStoreTest@291b4bf5]" name="productPriceTest" duration-ms="14016" started-at="2020-06-09T16:40:07Z" data-provider="getData" depends-on-methods="com.ether.testcases.GeneralStoreTest.homePage" finished-at="2020-06-09T16:40:21Z">
          <params>
            <param index="0">
              <value>
                <![CDATA[Air Jordan 4 Retro]]>
              </value>
            </param>
            <param index="1">
              <value>
                <![CDATA[$160.97]]>
              </value>
            </param>
          </params>
          <reporter-output>
          </reporter-output>
        </test-method> <!-- productPriceTest -->
        <test-method status="PASS" signature="productPriceTest(java.lang.String, java.lang.String)[pri:0, instance:com.ether.testcases.GeneralStoreTest@291b4bf5]" name="productPriceTest" duration-ms="13303" started-at="2020-06-09T16:40:21Z" data-provider="getData" depends-on-methods="com.ether.testcases.GeneralStoreTest.homePage" finished-at="2020-06-09T16:40:34Z">
          <params>
            <param index="0">
              <value>
                <![CDATA[Air Jordan 1 Mid SE]]>
              </value>
            </param>
            <param index="1">
              <value>
                <![CDATA[$120.0]]>
              </value>
            </param>
          </params>
          <reporter-output>
          </reporter-output>
        </test-method> <!-- productPriceTest -->
        <test-method status="FAIL" signature="addProductToCartTest()[pri:0, instance:com.ether.testcases.GeneralStoreTest@291b4bf5]" name="addProductToCartTest" duration-ms="12338" started-at="2020-06-09T16:40:34Z" depends-on-methods="com.ether.testcases.GeneralStoreTest.productPriceTest" finished-at="2020-06-09T16:40:47Z">
          <exception class="org.openqa.selenium.WebDriverException">
            <message>
              <![CDATA[unknown error (An unknown server-side error occurred. status='false'. Failed to complete internal method: 'click args: [NATIVE, xpath=(//*[@resource-id='productAddCart' or @id='productAddCart'])[3], 0, 1]', details: Failed to click 'xpath=(//*[@resource-id='productAddCart' or @id='productAddCart'])[3]'. Cannot click. The element is found but not visible on Screen)  (WARNING: The server did not provide any stacktrace information)
Command duration or timeout: 0 milliseconds
Build info: version: '3.141.59', revision: 'e82be7d358', time: '2018-11-14T08:17:03'
System info: host: 'MAVBCP27', ip: '192.168.0.8', os.name: 'Windows 10', os.arch: 'amd64', os.version: '10.0', java.version: '1.8.0_231'
Driver info: io.appium.java_client.android.AndroidDriver
Capabilities {app: cloud:com.androidsample.gen..., appActivity: .SplashActivity, appBuildVersion: 1, appPackage: com.androidsample.generalst..., appReleaseVersion: 1.0, appiumVersion: 1.8.0, autoAcceptAlerts: false, autoDismissAlerts: false, autoGrantPermissions: false, autoWebview: false, commandTimeouts: 120000, desired: {app: cloud:com.androidsample.gen..., appBuildVersion: 1, appReleaseVersion: 1.0, deviceQuery: @os='android' and @category..., dontGoHomeOnQuit: true, fullReset: true, instrumentApp: true, platformName: Android, udid: 4b52573533563398}, device.category: PHONE, device.majorVersion: 9, device.manufacture: OnePlus, device.model: ONEPLUS A6003, device.name: OnePlus IO-US 084, device.os: Android, device.screenSize: 1080x2280, device.serialNumber: c8fc88d6, device.version: 9, deviceQuery: @os='android' and @category..., deviceUDID: c8fc88d6, dontGoHomeOnQuit: true, dontStopAppOnReset: false, ehmPrefixUrl: /agent-8220267, ehmUrl: https://us-1.seetest.io:443..., fullReset: true, gridNodePort: 7819, install.only.for.update: false, instrumentApp: true, javascriptEnabled: true, keystorePath: ~/.android/debug.keystore, locationServicesAuthorized: false, newSessionWaitTimeout: 600, noReset: false, platform: ANDROID, platformName: Android, projectName: , reportDirectory: reports, reportFormat: xml, reportUrl: https://cloud.seetest.io/re..., reservationDuration: 240, takeScreenshots: true, test.type: Mobile, testName: mobile test 06/09/20 04:09 AM, udid: c8fc88d6, useKeystore: false, waitForDeviceTimeout: 120000}
Session ID: CLOUD-SID:2020-06-09_10-43-14-6554acbc-9fdd-4074-9879-083080069150]]>
            </message>
            <full-stacktrace>
              <![CDATA[org.openqa.selenium.WebDriverException: unknown error (An unknown server-side error occurred. status='false'. Failed to complete internal method: 'click args: [NATIVE, xpath=(//*[@resource-id='productAddCart' or @id='productAddCart'])[3], 0, 1]', details: Failed to click 'xpath=(//*[@resource-id='productAddCart' or @id='productAddCart'])[3]'. Cannot click. The element is found but not visible on Screen)  (WARNING: The server did not provide any stacktrace information)
Command duration or timeout: 0 milliseconds
Build info: version: '3.141.59', revision: 'e82be7d358', time: '2018-11-14T08:17:03'
System info: host: 'MAVBCP27', ip: '192.168.0.8', os.name: 'Windows 10', os.arch: 'amd64', os.version: '10.0', java.version: '1.8.0_231'
Driver info: io.appium.java_client.android.AndroidDriver
Capabilities {app: cloud:com.androidsample.gen..., appActivity: .SplashActivity, appBuildVersion: 1, appPackage: com.androidsample.generalst..., appReleaseVersion: 1.0, appiumVersion: 1.8.0, autoAcceptAlerts: false, autoDismissAlerts: false, autoGrantPermissions: false, autoWebview: false, commandTimeouts: 120000, desired: {app: cloud:com.androidsample.gen..., appBuildVersion: 1, appReleaseVersion: 1.0, deviceQuery: @os='android' and @category..., dontGoHomeOnQuit: true, fullReset: true, instrumentApp: true, platformName: Android, udid: 4b52573533563398}, device.category: PHONE, device.majorVersion: 9, device.manufacture: OnePlus, device.model: ONEPLUS A6003, device.name: OnePlus IO-US 084, device.os: Android, device.screenSize: 1080x2280, device.serialNumber: c8fc88d6, device.version: 9, deviceQuery: @os='android' and @category..., deviceUDID: c8fc88d6, dontGoHomeOnQuit: true, dontStopAppOnReset: false, ehmPrefixUrl: /agent-8220267, ehmUrl: https://us-1.seetest.io:443..., fullReset: true, gridNodePort: 7819, install.only.for.update: false, instrumentApp: true, javascriptEnabled: true, keystorePath: ~/.android/debug.keystore, locationServicesAuthorized: false, newSessionWaitTimeout: 600, noReset: false, platform: ANDROID, platformName: Android, projectName: , reportDirectory: reports, reportFormat: xml, reportUrl: https://cloud.seetest.io/re..., reservationDuration: 240, takeScreenshots: true, test.type: Mobile, testName: mobile test 06/09/20 04:09 AM, udid: c8fc88d6, useKeystore: false, waitForDeviceTimeout: 120000}
Session ID: CLOUD-SID:2020-06-09_10-43-14-6554acbc-9fdd-4074-9879-083080069150
	at sun.reflect.NativeConstructorAccessorImpl.newInstance0(Native Method)
	at sun.reflect.NativeConstructorAccessorImpl.newInstance(NativeConstructorAccessorImpl.java:62)
	at sun.reflect.DelegatingConstructorAccessorImpl.newInstance(DelegatingConstructorAccessorImpl.java:45)
	at java.lang.reflect.Constructor.newInstance(Constructor.java:423)
	at org.openqa.selenium.remote.ErrorHandler.createThrowable(ErrorHandler.java:214)
	at org.openqa.selenium.remote.ErrorHandler.throwIfResponseFailed(ErrorHandler.java:166)
	at org.openqa.selenium.remote.http.JsonHttpResponseCodec.reconstructValue(JsonHttpResponseCodec.java:40)
	at org.openqa.selenium.remote.http.AbstractHttpResponseCodec.decode(AbstractHttpResponseCodec.java:80)
	at org.openqa.selenium.remote.http.AbstractHttpResponseCodec.decode(AbstractHttpResponseCodec.java:44)
	at org.openqa.selenium.remote.HttpCommandExecutor.execute(HttpCommandExecutor.java:158)
	at io.appium.java_client.remote.AppiumCommandExecutor.execute(AppiumCommandExecutor.java:239)
	at org.openqa.selenium.remote.RemoteWebDriver.execute(RemoteWebDriver.java:552)
	at io.appium.java_client.DefaultGenericMobileDriver.execute(DefaultGenericMobileDriver.java:41)
	at io.appium.java_client.AppiumDriver.execute(AppiumDriver.java:1)
	at io.appium.java_client.android.AndroidDriver.execute(AndroidDriver.java:1)
	at org.openqa.selenium.remote.RemoteWebElement.execute(RemoteWebElement.java:285)
	at io.appium.java_client.DefaultGenericMobileElement.execute(DefaultGenericMobileElement.java:45)
	at io.appium.java_client.MobileElement.execute(MobileElement.java:1)
	at io.appium.java_client.android.AndroidElement.execute(AndroidElement.java:1)
	at org.openqa.selenium.remote.RemoteWebElement.click(RemoteWebElement.java:84)
	at com.ether.testcases.GeneralStoreTest.addProductToCartTest(GeneralStoreTest.java:80)
	at sun.reflect.NativeMethodAccessorImpl.invoke0(Native Method)
	at sun.reflect.NativeMethodAccessorImpl.invoke(NativeMethodAccessorImpl.java:62)
	at sun.reflect.DelegatingMethodAccessorImpl.invoke(DelegatingMethodAccessorImpl.java:43)
	at java.lang.reflect.Method.invoke(Method.java:498)
	at org.testng.internal.MethodInvocationHelper.invokeMethod(MethodInvocationHelper.java:108)
	at org.testng.internal.Invoker.invokeMethod(Invoker.java:661)
	at org.testng.internal.Invoker.invokeTestMethod(Invoker.java:869)
	at org.testng.internal.Invoker.invokeTestMethods(Invoker.java:1193)
	at org.testng.internal.TestMethodWorker.invokeTestMethods(TestMethodWorker.java:126)
	at org.testng.internal.TestMethodWorker.run(TestMethodWorker.java:109)
	at org.testng.TestRunner.privateRun(TestRunner.java:744)
	at org.testng.TestRunner.run(TestRunner.java:602)
	at org.testng.SuiteRunner.runTest(SuiteRunner.java:380)
	at org.testng.SuiteRunner.runSequentially(SuiteRunner.java:375)
	at org.testng.SuiteRunner.privateRun(SuiteRunner.java:340)
	at org.testng.SuiteRunner.run(SuiteRunner.java:289)
	at org.testng.SuiteRunnerWorker.runSuite(SuiteRunnerWorker.java:52)
	at org.testng.SuiteRunnerWorker.run(SuiteRunnerWorker.java:86)
	at org.testng.TestNG.runSuitesSequentially(TestNG.java:1301)
	at org.testng.TestNG.runSuitesSequentially(TestNG.java:1297)
	at org.testng.TestNG.runSuitesLocally(TestNG.java:1226)
	at org.testng.TestNG.runSuites(TestNG.java:1144)
	at org.testng.TestNG.run(TestNG.java:1115)
	at org.testng.remote.AbstractRemoteTestNG.run(AbstractRemoteTestNG.java:115)
	at org.testng.remote.RemoteTestNG.initAndRun(RemoteTestNG.java:251)
	at org.testng.remote.RemoteTestNG.main(RemoteTestNG.java:77)
]]>
            </full-stacktrace>
          </exception> <!-- org.openqa.selenium.WebDriverException -->
          <reporter-output>
          </reporter-output>
        </test-method> <!-- addProductToCartTest -->
      </class> <!-- com.ether.testcases.GeneralStoreTest -->
    </test> <!-- Test -->
  </suite> <!-- Suite -->
  <suite name="Ether Digital Activity" duration-ms="0" started-at="2020-06-09T11:11:05Z" finished-at="2020-06-09T11:11:05Z">
    <groups>
    </groups>
  </suite> <!-- Ether Digital Activity -->
</testng-results>
